<?xml version="1.0" encoding="UTF-8"?>
<!-- Generated by org.testng.reporters.JUnitReportReporter -->
<testsuite hostname="DESKTOP-NAVEEN" name="org.com.SampleReport_ScreenShot" tests="2" failures="0" timestamp="7 Sep 2022 10:11:39 GMT" time="5.750" errors="0">
  <testcase name="ValidateTitl" time="0.010" classname="org.com.SampleReport_ScreenShot"/>
  <testcase name="GmailNavigate" time="5.740" classname="org.com.SampleReport_ScreenShot"/>
</testsuite> <!-- org.com.SampleReport_ScreenShot -->
