<?xml version="1.0" encoding="UTF-8"?>
<!-- Generated by org.testng.reporters.JUnitReportReporter -->
<testsuite hostname="DESKTOP-NAVEEN" name="org.com.SampleReport_ScreenShot" tests="2" failures="0" timestamp="7 Sep 2022 06:44:34 GMT" time="6.173" errors="0">
  <testcase name="ValidateTitl" time="0.011" classname="org.com.SampleReport_ScreenShot"/>
  <testcase name="GmailNavigate" time="6.162" classname="org.com.SampleReport_ScreenShot"/>
</testsuite> <!-- org.com.SampleReport_ScreenShot -->
