<?xml version="1.0" encoding="UTF-8"?>
<!-- Generated by org.testng.reporters.JUnitReportReporter -->
<testsuite hostname="DESKTOP-NAVEEN" name="org.com.SampleReport" tests="1" failures="0" timestamp="7 Sep 2022 06:21:12 GMT" time="0.013" errors="0">
  <testcase name="ValidateTitl" time="0.013" classname="org.com.SampleReport"/>
</testsuite> <!-- org.com.SampleReport -->
