<?xml version="1.0" encoding="UTF-8"?>
<!-- Generated by org.testng.reporters.JUnitReportReporter -->
<testsuite hostname="DESKTOP-NAVEEN" name="org.com.SampleReport" tests="2" failures="0" timestamp="9 Sep 2022 04:55:58 GMT" time="6.304" errors="0">
  <testcase name="GmailNavigate" time="6.297" classname="org.com.SampleReport"/>
  <testcase name="ValidateTitl" time="0.007" classname="org.com.SampleReport"/>
</testsuite> <!-- org.com.SampleReport -->
