<?xml version="1.0" encoding="UTF-8"?>
<!-- Generated by org.testng.reporters.JUnitReportReporter -->
<testsuite hostname="DESKTOP-NAVEEN" name="org.com.SampleReport_ScreenShot" tests="2" failures="0" timestamp="9 Sep 2022 02:29:07 GMT" time="16.332" errors="0">
  <testcase name="ValidateTitl" time="3.946" classname="org.com.SampleReport_ScreenShot"/>
  <testcase name="GmailNavigate" time="12.386" classname="org.com.SampleReport_ScreenShot"/>
</testsuite> <!-- org.com.SampleReport_ScreenShot -->
