<?xml version="1.0" encoding="UTF-8"?>
<!-- Generated by org.testng.reporters.JUnitReportReporter -->
<testsuite skipped="0" hostname="DESKTOP-NAVEEN" name="dataProvider.Practice1" tests="4" failures="0" timestamp="09 Sep 2022 16:42:30 GMT" time="60.264" errors="0">
  <testcase name="tc" time="12.865" classname="dataProvider.Practice1"/>
  <testcase name="tc" time="14.373" classname="dataProvider.Practice1"/>
  <testcase name="tc" time="19.564" classname="dataProvider.Practice1"/>
  <testcase name="tc" time="13.462" classname="dataProvider.Practice1"/>
</testsuite> <!-- dataProvider.Practice1 -->
