<?xml version="1.0" encoding="UTF-8"?>
<!-- Generated by org.testng.reporters.JUnitReportReporter -->
<testsuite skipped="0" hostname="DESKTOP-NAVEEN" name="dataProvider.Practice" tests="4" failures="0" timestamp="09 Sep 2022 16:39:51 GMT" time="59.565" errors="0">
  <testcase name="tc" time="14.370" classname="dataProvider.Practice"/>
  <testcase name="tc" time="12.697" classname="dataProvider.Practice"/>
  <testcase name="tc" time="14.991" classname="dataProvider.Practice"/>
  <testcase name="tc" time="17.507" classname="dataProvider.Practice"/>
</testsuite> <!-- dataProvider.Practice -->
