<?xml version="1.0" encoding="UTF-8"?>
<!-- Generated by org.testng.reporters.JUnitReportReporter -->
<testsuite skipped="0" hostname="DESKTOP-NAVEEN" name="dataProvider.Simple" tests="1" failures="0" timestamp="10 Sep 2022 04:19:36 GMT" time="20.806" errors="0">
  <testcase name="tc1" time="20.806" classname="dataProvider.Simple"/>
</testsuite> <!-- dataProvider.Simple -->
