<?xml version="1.0" encoding="UTF-8"?>
<!-- Generated by org.testng.reporters.JUnitReportReporter -->
<testsuite skipped="0" hostname="DESKTOP-NAVEEN" name="dataProvider.Parallel" tests="3" failures="0" timestamp="09 Sep 2022 17:10:05 GMT" time="85.324" errors="0">
  <testcase name="tc" time="16.370" classname="dataProvider.Parallel"/>
  <testcase name="tc" time="16.008" classname="dataProvider.Parallel"/>
  <testcase name="tc" time="52.946" classname="dataProvider.Parallel"/>
</testsuite> <!-- dataProvider.Parallel -->
