<?xml version="1.0" encoding="UTF-8"?>
<!-- Generated by org.testng.reporters.JUnitReportReporter -->
<testsuite skipped="0" hostname="DESKTOP-NAVEEN" name="dataProvider.Simple1" tests="1" failures="0" timestamp="10 Sep 2022 04:19:01 GMT" time="24.019" errors="0">
  <testcase name="tc1" time="24.019" classname="dataProvider.Simple1"/>
</testsuite> <!-- dataProvider.Simple1 -->
