<?xml version="1.0" encoding="UTF-8"?>
<!-- Generated by org.testng.reporters.JUnitReportReporter -->
<testsuite skipped="0" hostname="DESKTOP-NAVEEN" name="dataProvider.SampleTest1" tests="1" failures="0" timestamp="10 Sep 2022 04:29:45 GMT" time="0.007" errors="0">
  <testcase name="tc2" time="0.007" classname="dataProvider.SampleTest1"/>
</testsuite> <!-- dataProvider.SampleTest1 -->
