<?xml version="1.0" encoding="UTF-8"?>
<!-- Generated by org.testng.reporters.JUnitReportReporter -->
<testsuite hostname="DESKTOP-NAVEEN" name="org.com.SampleInvocationCount" tests="7" failures="0" timestamp="3 Sep 2022 02:54:32 GMT" time="0.001" errors="0">
  <testcase name="tc3" time="0.001" classname="org.com.SampleInvocationCount"/>
  <testcase name="tc3" time="0.000" classname="org.com.SampleInvocationCount"/>
  <testcase name="tc5" time="0.000" classname="org.com.SampleInvocationCount"/>
  <testcase name="tc1" time="0.000" classname="org.com.SampleInvocationCount"/>
  <testcase name="tc3" time="0.000" classname="org.com.SampleInvocationCount"/>
  <testcase name="tc4" time="0.000" classname="org.com.SampleInvocationCount"/>
  <testcase name="tc2" time="0.000" classname="org.com.SampleInvocationCount"/>
</testsuite> <!-- org.com.SampleInvocationCount -->
