<?xml version="1.0" encoding="UTF-8"?>
<!-- Generated by org.testng.reporters.JUnitReportReporter -->
<testsuite hostname="DESKTOP-NAVEEN" name="org.com.Sample" tests="3" failures="0" timestamp="3 Sep 2022 03:24:56 GMT" time="0.018" errors="0">
  <testcase name="tc3" time="0.010" classname="org.com.Sample"/>
  <testcase name="tc2" time="0.000" classname="org.com.Sample"/>
  <testcase name="tc1" time="0.008" classname="org.com.Sample"/>
</testsuite> <!-- org.com.Sample -->
