<?xml version="1.0" encoding="UTF-8"?>
<!-- Generated by org.testng.reporters.JUnitReportReporter -->
<testsuite hostname="DESKTOP-NAVEEN" name="org.com.ManuallyRerun" tests="3" failures="0" timestamp="7 Sep 2022 10:15:21 GMT" time="0.021" errors="0">
  <testcase name="tc2" time="0.007" classname="org.com.ManuallyRerun"/>
  <testcase name="tc1" time="0.012" classname="org.com.ManuallyRerun"/>
  <testcase name="tc3" time="0.002" classname="org.com.ManuallyRerun"/>
</testsuite> <!-- org.com.ManuallyRerun -->
